Files Processed: 
 /projects/bgmp/shared/2017_sequencing/1294_S1_L008_R1_001.fastq.gz,
 /projects/bgmp/shared/2017_sequencing/1294_S1_L008_R2_001.fastq.gz,
 /projects/bgmp/shared/2017_sequencing/1294_S1_L008_R3_001.fastq.gz,
 /projects/bgmp/shared/2017_sequencing/1294_S1_L008_R4_001.fastq.gz,
 /projects/bgmp/aprymole/Bi622/Test_files/barcodes.tsv

Total number of files written: 52
Total number of records written: 363246735
Total number of records encountered: 363246735

undetermined read-pair files contain 57748545 records
 (15.897884120004546% of total records)
TACCGGAT-ATCCGGTA read-pair files contain 69307073 records
 (19.079888770369816% of total records)
CTCTGGAT-ATCCAGAG read-pair files contain 32163349 records
 (8.854408285321545% of total records)
AGAGTCCA-TGGACTCT read-pair files contain 10378366 records
 (2.85711198477806% of total records)
GTAGCGTA-TACGCTAC read-pair files contain 7450201 records
 (2.0510028810031837% of total records)
ATCATGCG-CGCATGAT read-pair files contain 9264615 records
 (2.550501933623712% of total records)
AACAGCGA-TCGCTGTT read-pair files contain 8178191 records
 (2.2514148681886983% of total records)
TCGACAAG-CTTGTCGA read-pair files contain 3548541 records
 (0.9768954977668278% of total records)
TCGAGAGT-ACTCTCGA read-pair files contain 10658212 records
 (2.9341521817119705% of total records)
CGGTAATC-GATTACCG read-pair files contain 4498136 records
 (1.2383142273804608% of total records)
TAGCCATG-CATGGCTA read-pair files contain 9852258 records
 (2.7122770972738404% of total records)
TCTTCGAC-GTCGAAGA read-pair files contain 39149148 records
 (10.777563630406755% of total records)
CTAGCTCA-TGAGCTAG read-pair files contain 16162895 records
 (4.449563737992029% of total records)
TATGGCAC-GTGCCATA read-pair files contain 10195805 records
 (2.8068538592645575% of total records)
ACGATCAG-CTGATCGT read-pair files contain 7441721 records
 (2.0486683796345755% of total records)
GATCTTGC-GCAAGATC read-pair files contain 3425453 records
 (0.9430099901655% of total records)
index_hopped read-pair files contain 517920 records
 (0.14258077226764337% of total records)
AGGATAGC-GCTATCCT read-pair files contain 8078057 records
 (2.2238484813910304% of total records)
TGTTCCGT-ACGGAACA read-pair files contain 14786868 records
 (4.070750422574342% of total records)
CACTTCAC-GTGAAGTG read-pair files contain 3833640 records
 (1.055381819192401% of total records)
GCTACTCT-AGAGTAGC read-pair files contain 6610857 records
 (1.8199356974261585% of total records)
ATCGTGGT-ACCACGAT read-pair files contain 6357656 records
 (1.7502307350401924% of total records)
CGATCGAT-ATCGATCG read-pair files contain 5225776 records
 (1.4386298613255257% of total records)
GTCCTAAG-CTTAGGAC read-pair files contain 8164223 records
 (2.2475695480098397% of total records)
GATCAAGG-CCTTGATC read-pair files contain 6085915 records
 (1.6754218038601227% of total records)
TCGGATTC-GAATCCGA read-pair files contain 4163314 records
 (1.146139414026667% of total records)

Overall amount of index swapping: 
Barcode	Observations	Percent of total hopped indexes
TATGGCAC	97104	18.748841519925858
ACGGAACA	96607	18.652880753784366
CTAGCTCA	31880	6.155390793945011
GATTACCG	6309	1.218141797961075
CTCTGGAT	34571	6.674969107198023
GCTATCCT	8773	1.6938909484090208
TCGACAAG	10588	2.044331170837195
CGCATGAT	16426	3.171532282978066
TGTTCCGT	92569	17.873223663886314
GTGCCATA	95709	18.479494902687673
TACCGGAT	55629	10.740848007414272
ACTCTCGA	13092	2.5278035217794255
GATCAAGG	20719	4.000424776027186
GTCGAAGA	50895	9.826807228915662
ATCATGCG	10456	2.018844609206055
GTCCTAAG	14022	2.7073679332715477
TCTTCGAC	38865	7.504054680259499
GAATCCGA	6682	1.2901606425702812
AGAGTAGC	10215	1.9723123262279887
CACTTCAC	7172	1.3847698486252704
CTTGTCGA	17213	3.32348625270312
ATCCGGTA	55862	10.785835650293482
AGAGTCCA	9889	1.9093682421995675
CTGATCGT	10231	1.975401606425703
TCGCTGTT	8182	1.5797806611059624
CGATCGAT	6373	1.2304989187519308
TACGCTAC	8828	1.7045103490886622
ATCCAGAG	31949	6.168713314797651
AGGATAGC	8908	1.719956750077232
TCGGATTC	5517	1.0652224281742353
CGGTAATC	9851	1.9020312017299967
ACCACGAT	10135	1.9568659252394192
TGAGCTAG	14627	2.8241813407476055
GCTACTCT	6995	1.35059468643806
CATGGCTA	12650	2.442462156317578
ATCGATCG	7651	1.4772551745443312
TGGACTCT	9807	1.8935356811862833
CTTAGGAC	8264	1.595613222119246
TAGCCATG	7887	1.5228220574606117
GCAAGATC	5412	1.0449490268767376
TCGAGAGT	11602	2.2401143033673154
ACGATCAG	8144	1.5724436206363916
ATCGTGGT	7224	1.3948100092678406
AACAGCGA	9753	1.8831093605189992
GTGAAGTG	4773	0.9215708989805376
GTAGCGTA	8788	1.6967871485943773
CCTTGATC	7350	1.4191380908248377
GATCTTGC	3692	0.7128514056224899
